cscope 15 /aveesSSD/lanenet_ws/src/lanenet_ros/scripts/lanenet_model               0000004780
	@tags

1 !
	g_TAG_FILE_FORMAT
 2 /
ex‹nded
 
	gfÜm©
; --fÜm©=1 
wl
 
nÙ
 
­³nd
 ;"o†ines/

2 !
	g_TAG_FILE_SORTED
 1 /0=
unsÜ‹d
, 1=
sÜ‹d
, 2=
fŞdÿ£
/

3 !
_TAG_PROGRAM_AUTHOR
 
D¬»n
 
H›b”t
 /
dh›b”t
@
u£rs
.
sourûfÜge
.
Ãt
/

4 !
_TAG_PROGRAM_NAME
 
Exub”ªt
 
Cgs


5 !
_TAG_PROGRAM_URL
 
h‰p
:

6 !
_TAG_PROGRAM_VERSION
 5.9~
svn20110310


7 
LªeN‘
 
ÏÃÃt
.
py
 /^
şass
 
	$LªeN‘
(
ún_ba£Ãt
.
CNNBa£Mod–
):
$
/;" c

8 
LªeN‘BackEnd
 
ÏÃÃt_back_’d
.
py
 /^
şass
 
	$LªeN‘BackEnd
(
ún_ba£Ãt
.
CNNBa£Mod–
):
$
/;" c

9 
LªeN‘FrÚdEnd
 
ÏÃÃt_äÚt_’d
.
py
 /^
şass
 
	$LªeN‘FrÚdEnd
(
ún_ba£Ãt
.
CNNBa£Mod–
):
$
/;" c

10 
LªeN‘Po¡ProûssÜ
 
ÏÃÃt_po¡´oûss
.
py
 /^
şass
 
	$LªeN‘Po¡ProûssÜ
(
objeù
):
$
/;" c

11 
_LªeF—t
 
ÏÃÃt_po¡´oûss
.
py
 /^
şass
 
	$_LªeF—t
(
objeù
):
$
/;" c

12 
_LªeN‘Clu¡”
 
ÏÃÃt_po¡´oûss
.
py
 /^
şass
 
	$_LªeN‘Clu¡”
(
objeù
):
$
/;" c

13 
__š™__
 
ÏÃÃt
.
py
 /^ 
def
 
	$__š™__
(
£lf
, 
pha£
, 
cfg
):
$
/;" m class:LaneNet

14 
__š™__
 
ÏÃÃt_back_’d
.
py
 /^ 
def
 
	$__š™__
(
£lf
, 
pha£
, 
cfg
):
$
/;" m class:LaneNetBackEnd

15 
__š™__
 
ÏÃÃt_äÚt_’d
.
py
 /^ 
def
 
	$__š™__
(
£lf
, 
pha£
, 
Ãt_æag
, 
cfg
):
$
/;" m class:LaneNetFrondEnd

16 
__š™__
 
ÏÃÃt_po¡´oûss
.
py
 /^ 
def
 
	$__š™__
(
£lf
, 
cfg
):
$
/;" m class:_LaneNetCluster

17 
__š™__
 
ÏÃÃt_po¡´oûss
.
py
 /^ 
def
 
	`__š™__
(
£lf
, 
cfg
, 
m_»m­_fe_·th
='\/av“sSSD\/ÏÃÃt-ÏÃ-d‘eùiÚ\/d©a\/tusim¶e_m_»m­.yml'):
$
/;" m class:LaneNetPostProcessor

18 
__š™__
 
ÏÃÃt_po¡´oûss
.
py
 /^ 
def
 
	`__š™__
(
£lf
, 
ã©
, 
coÜd
, 
şass_id
=-1):
$
/;" m class:_LaneFeat

19 
_compu‹_şass_weigh‹d_üoss_’Œİy_loss
 
ÏÃÃt_back_’d
.
py
 /^ 
def
 
	$_compu‹_şass_weigh‹d_üoss_’Œİy_loss
(
şs
, 
ÚehÙ_Ïb–s
, 
log™s
, 
şas£s_weights
):
$
/;" m class:LaneNetBackEnd

20 
_cÚÃù_compÚ’ts_ª®ysis
 
ÏÃÃt_po¡´oûss
.
py
 /^
def
 
	$_cÚÃù_compÚ’ts_ª®ysis
(
image
):
$
/;" f

21 
_embeddšg_ã©s_dbsÿn_şu¡”
 
ÏÃÃt_po¡´oûss
.
py
 /^ 
def
 
	$_embeddšg_ã©s_dbsÿn_şu¡”
(
£lf
, 
embeddšg_image_ã©s
):
$
/;" m class:_LaneNetCluster

22 
_g‘_ÏÃ_embeddšg_ã©s
 
ÏÃÃt_po¡´oûss
.
py
 /^ 
def
 
	$_g‘_ÏÃ_embeddšg_ã©s
(
bš¬y_£g_»t
, 
š¡ªû_£g_»t
):
$
/;" m class:_LaneNetCluster

23 
_is_Ãt_fÜ_Œaššg
 
ÏÃÃt_back_’d
.
py
 /^ 
def
 
	$_is_Ãt_fÜ_Œaššg
(
£lf
):
$
/;" m class:LaneNetBackEnd

24 
_lßd_»m­_m©rix
 
ÏÃÃt_po¡´oûss
.
py
 /^ 
def
 
	$_lßd_»m­_m©rix
(
£lf
):
$
/;" m class:LaneNetPostProcessor

25 
_mÜphŞogiÿl_´oûss
 
ÏÃÃt_po¡´oûss
.
py
 /^
def
 
	$_mÜphŞogiÿl_´oûss
(
image
, 
k”Ãl_size
=5): #tØ
d’oi£
 
bš¬y
 
lše$
/;" f

26 
_muÉi_ÿ‹gÜy_foÿl_loss
 
ÏÃÃt_back_’d
.
py
 /^ 
def
 
	$_muÉi_ÿ‹gÜy_foÿl_loss
(
şs
, 
ÚehÙ_Ïb–s
, 
log™s
, 
şas£s_weights
, 
gamma
=2.0):
$
/;" m class:LaneNetBackEnd

27 
­¶y_ÏÃ_ã©s_şu¡”
 
ÏÃÃt_po¡´oûss
.
py
 /^ 
def
 
	$­¶y_ÏÃ_ã©s_şu¡”
(
£lf
, 
bš¬y_£g_»suÉ
, 
š¡ªû_£g_»suÉ
):
$
/;" m class:_LaneNetCluster

28 
body
 
ÏÃÃt_disüimš©ive_loss
.
py
 /^ 
def
 
	$body
(
Ïb–
, 
b©ch
, 
out_loss
, 
out_v¬
, 
out_di¡
, 
out_»g
, 
i
):
$
/;" f function:discriminative_loss

29 
bud_mod–
 
ÏÃÃt_äÚt_’d
.
py
 /^ 
def
 
	$bud_mod–
(
£lf
, 
šput_‹nsÜ
, 
Çme
, 
»u£
):
$
/;" m class:LaneNetFrondEnd

30 
şass_id
 
ÏÃÃt_po¡´oûss
.
py
 /^ 
def
 
	$şass_id
(
£lf
):
$
/;" m class:_LaneFeat

31 
şass_id
 
ÏÃÃt_po¡´oûss
.
py
 /^ 
def
 
	$şass_id
(
£lf
, 
v®ue
):
$
/;" m class:_LaneFeat

32 
compu‹_loss
 
ÏÃÃt
.
py
 /^ 
def
 
	$compu‹_loss
(
£lf
, 
šput_‹nsÜ
, 
bš¬y_Ïb–
, 
š¡ªû_Ïb–
, 
Çme
, 
»u£
=
F®£
):
$
/;" m class:LaneNet

33 
compu‹_loss
 
ÏÃÃt_back_’d
.
py
 /^ 
def
 
	`compu‹_loss
(
£lf
, 
bš¬y_£g_log™s
, 
bš¬y_Ïb–
,
$
/;" m class:LaneNetBackEnd

34 
cÚd
 
ÏÃÃt_disüimš©ive_loss
.
py
 /^ 
def
 
	$cÚd
(
Ïb–
, 
b©ch
, 
out_loss
, 
out_v¬
, 
out_di¡
, 
out_»g
, 
i
):
$
/;" f function:discriminative_loss

35 
coÜd
 
ÏÃÃt_po¡´oûss
.
py
 /^ 
def
 
	$coÜd
(
£lf
):
$
/;" m class:_LaneFeat

36 
coÜd
 
ÏÃÃt_po¡´oûss
.
py
 /^ 
def
 
	$coÜd
(
£lf
, 
v®ue
):
$
/;" m class:_LaneFeat

37 
disüimš©ive_loss
 
ÏÃÃt_disüimš©ive_loss
.
py
 /^
def
 
	`disüimš©ive_loss
(
´ediùiÚ
, 
cÜ»ù_Ïb–
, 
ã©u»_dim
, 
image_sh­e
,
$
/;" f

38 
disüimš©ive_loss_sšgË
 
ÏÃÃt_disüimš©ive_loss
.
py
 /^
def
 
	`disüimš©ive_loss_sšgË
(
$
/;" f

39 
ã©
 
ÏÃÃt_po¡´oûss
.
py
 /^ 
def
 
	$ã©
(
£lf
):
$
/;" m class:_LaneFeat

40 
ã©
 
ÏÃÃt_po¡´oûss
.
py
 /^ 
def
 
	$ã©
(
£lf
, 
v®ue
):
$
/;" m class:_LaneFeat

41 
šã»nû
 
ÏÃÃt
.
py
 /^ 
def
 
	$šã»nû
(
£lf
, 
šput_‹nsÜ
, 
Çme
, 
»u£
=
F®£
):
$
/;" m class:LaneNet

42 
šã»nû
 
ÏÃÃt_back_’d
.
py
 /^ 
def
 
	$šã»nû
(
£lf
, 
bš¬y_£g_log™s
, 
š¡ªû_£g_log™s
, 
Çme
, 
»u£
):
$
/;" m class:LaneNetBackEnd

43 
po¡´oûss
 
ÏÃÃt_po¡´oûss
.
py
 /^ 
def
 
	`po¡´oûss
(
£lf
, 
bš¬y_£g_»suÉ
, 
š¡ªû_£g_»suÉ
=
NÚe
, ## 
co¡
 
time
 
is
 
about
 0.1
s$
/;" m class:LaneNetPostProcessor

	@
1
.
1
/usr/include
1
5
tags
